<?xml version="1.0" encoding="UTF-8"?>
<!-- Generated by org.testng.reporters.JUnitXMLReporter -->
<testsuite hostname="LAPTOP-MBQ5PHN2" ignored="0" name="Test" tests="8" failures="3" timestamp="14 三月 2019 07:34:25 GMT" time="44.226" errors="0">
  <testcase name="LoginTest" time="3.048" classname="com.ecshop.tests.LoginTest"/>
  <testcase name="LoginTest" time="2.217" classname="com.ecshop.tests.LoginTest"/>
  <testcase name="LoginTest" time="2.193" classname="com.ecshop.tests.LoginTest"/>
  <testcase name="LoginTest" time="2.091" classname="com.ecshop.tests.LoginTest">
    <skipped/>
  </testcase> <!-- LoginTest -->
  <testcase name="LoginTest" time="2.051" classname="com.ecshop.tests.LoginTest">
    <skipped/>
  </testcase> <!-- LoginTest -->
  <testcase name="LoginTest" time="2.043" classname="com.ecshop.tests.LoginTest">
    <failure type="java.lang.AssertionError" message="expected [true] but found [false]">
      <![CDATA[java.lang.AssertionError: expected [true] but found [false]
	at com.ecshop.pages.UserPage.assert_alert_text(UserPage.java:69)
	at com.ecshop.tests.LoginTest.LoginTest(LoginTest.java:26)
... Removed 29 stack frames]]>
    </failure>
  </testcase> <!-- LoginTest -->
  <testcase name="LoginTest" time="2.094" classname="com.ecshop.tests.LoginTest">
    <failure type="java.lang.AssertionError" message="expected [true] but found [false]">
      <![CDATA[java.lang.AssertionError: expected [true] but found [false]
	at com.ecshop.pages.UserPage.assert_alert_text(UserPage.java:69)
	at com.ecshop.tests.LoginTest.LoginTest(LoginTest.java:26)
... Removed 29 stack frames]]>
    </failure>
  </testcase> <!-- LoginTest -->
  <testcase name="LoginTest" time="2.034" classname="com.ecshop.tests.LoginTest">
    <failure type="java.lang.AssertionError" message="expected [true] but found [false]">
      <![CDATA[java.lang.AssertionError: expected [true] but found [false]
	at com.ecshop.pages.UserPage.assert_alert_text(UserPage.java:69)
	at com.ecshop.tests.LoginTest.LoginTest(LoginTest.java:26)
... Removed 29 stack frames]]>
    </failure>
  </testcase> <!-- LoginTest -->
</testsuite> <!-- Test -->
